0 info it worked if it ends with ok
1 verbose cli [ '/usr/bin/node', '/usr/bin/npm', 'start' ]
2 info using npm@3.6.0
3 info using node@v5.5.0
4 verbose run-script [ 'prestart', 'start', 'poststart' ]
5 info lifecycle hackcambridge@0.0.0~prestart: hackcambridge@0.0.0
6 silly lifecycle hackcambridge@0.0.0~prestart: no script for prestart, continuing
7 info lifecycle hackcambridge@0.0.0~start: hackcambridge@0.0.0
8 verbose lifecycle hackcambridge@0.0.0~start: unsafe-perm in lifecycle true
9 verbose lifecycle hackcambridge@0.0.0~start: PATH: /usr/lib/node_modules/npm/bin/node-gyp-bin:/home/mbell/Documents/www/hackcambridge/node_modules/.bin:/home/mbell/bin:/usr/local/bin:/usr/local/bin/propside/propside:/home/mbell/GNUstep/Tools:/usr/local/sbin:/usr/local/bin:/usr/bin:/opt/android-sdk/platform-tools:/opt/android-sdk/tools:/usr/lib/jvm/default/bin:/usr/bin/site_perl:/usr/bin/vendor_perl:/usr/bin/core_perl:/home/mbell/.gem/ruby/2.3.0/bin:/home/mbell/.cabal/bin:/opt/parallax/bin:/opt/greenfoot:/home/mbell/go/bin
10 verbose lifecycle hackcambridge@0.0.0~start: CWD: /home/mbell/Documents/www/hackcambridge
11 silly lifecycle hackcambridge@0.0.0~start: Args: [ '-c', 'node ./bin/www' ]
12 silly lifecycle hackcambridge@0.0.0~start: Returned: code: 1  signal: null
13 info lifecycle hackcambridge@0.0.0~start: Failed to exec start script
14 verbose stack Error: hackcambridge@0.0.0 start: `node ./bin/www`
14 verbose stack Exit status 1
14 verbose stack     at EventEmitter.<anonymous> (/usr/lib/node_modules/npm/lib/utils/lifecycle.js:232:16)
14 verbose stack     at emitTwo (events.js:100:13)
14 verbose stack     at EventEmitter.emit (events.js:185:7)
14 verbose stack     at ChildProcess.<anonymous> (/usr/lib/node_modules/npm/lib/utils/spawn.js:24:14)
14 verbose stack     at emitTwo (events.js:100:13)
14 verbose stack     at ChildProcess.emit (events.js:185:7)
14 verbose stack     at maybeClose (internal/child_process.js:821:16)
14 verbose stack     at Process.ChildProcess._handle.onexit (internal/child_process.js:211:5)
15 verbose pkgid hackcambridge@0.0.0
16 verbose cwd /home/mbell/Documents/www/hackcambridge
17 error Linux 4.3.3-3-ARCH
18 error argv "/usr/bin/node" "/usr/bin/npm" "start"
19 error node v5.5.0
20 error npm  v3.6.0
21 error code ELIFECYCLE
22 error hackcambridge@0.0.0 start: `node ./bin/www`
22 error Exit status 1
23 error Failed at the hackcambridge@0.0.0 start script 'node ./bin/www'.
23 error Make sure you have the latest version of node.js and npm installed.
23 error If you do, this is most likely a problem with the hackcambridge package,
23 error not with npm itself.
23 error Tell the author that this fails on your system:
23 error     node ./bin/www
23 error You can get information on how to open an issue for this project with:
23 error     npm bugs hackcambridge
23 error Or if that isn't available, you can get their info via:
23 error     npm owner ls hackcambridge
23 error There is likely additional logging output above.
24 verbose exit [ 1, true ]
